<?xml version="1.0" encoding="UTF-8"?>
<!-- Generated by org.testng.reporters.JUnitReportReporter -->
<testsuite hostname="TGU1DELL0085" failures="0" tests="2" name="com.techigai.test.GoDaddySite" time="16.598" errors="0" timestamp="2021-09-02T14:37:53 IST" skipped="0">
  <testcase classname="com.techigai.test.GoDaddySite" name="printPageTitle" time="7.803"/>
  <system-out/>
  <testcase classname="com.techigai.test.GoDaddySite" name="printCurrentURL" time="8.795"/>
  <system-out/>
</testsuite> <!-- com.techigai.test.GoDaddySite -->
