<?xml version="1.0" encoding="UTF-8"?>
<!-- Generated by org.testng.reporters.JUnitReportReporter -->
<testsuite hostname="TGU1DELL0085" failures="0" tests="1" name="com.techigai.testng.ParallelTestingDemo" time="10.645" errors="0" timestamp="2021-08-27T12:30:21 IST" skipped="0">
  <testcase classname="com.techigai.testng.ParallelTestingDemo" name="test1" time="10.645"/>
  <system-out/>
</testsuite> <!-- com.techigai.testng.ParallelTestingDemo -->
