<?xml version="1.0" encoding="UTF-8"?>
<!-- Generated by org.testng.reporters.JUnitReportReporter -->
<testsuite hostname="TGU1DELL0085" failures="0" tests="3" name="com.techigai.testng.DataProviderDemo" time="0.005" errors="0" timestamp="2021-08-27T14:27:45 IST" skipped="0">
  <testcase classname="com.techigai.testng.DataProviderDemo" name="setData" time="0.003"/>
  <system-out/>
  <testcase classname="com.techigai.testng.DataProviderDemo" name="setData" time="0.001"/>
  <system-out/>
  <testcase classname="com.techigai.testng.DataProviderDemo" name="setData" time="0.001"/>
  <system-out/>
</testsuite> <!-- com.techigai.testng.DataProviderDemo -->
