<?xml version="1.0" encoding="UTF-8"?>
<!-- Generated by org.testng.reporters.JUnitReportReporter -->
<testsuite hostname="TGU1DELL0085" failures="0" tests="1" name="com.techigai.testng.FirstTest" time="15.584" errors="0" timestamp="2021-08-24T12:55:53 IST" skipped="0">
  <testcase classname="com.techigai.testng.FirstTest" name="testCase1" time="15.584"/>
  <system-out/>
</testsuite> <!-- com.techigai.testng.FirstTest -->
