<?xml version="1.0" encoding="UTF-8"?>
<!-- Generated by org.testng.reporters.JUnitReportReporter -->
<testsuite hostname="TGU1DELL0085" failures="0" tests="2" name="com.techigai.testng.GoDaddySite" time="16.494" errors="0" timestamp="2021-08-24T14:11:49 IST" skipped="0">
  <testcase classname="com.techigai.testng.GoDaddySite" name="printPageTitle" time="7.873"/>
  <system-out/>
  <testcase classname="com.techigai.testng.GoDaddySite" name="printCurrentURL" time="8.621"/>
  <system-out/>
</testsuite> <!-- com.techigai.testng.GoDaddySite -->
