<?xml version="1.0" encoding="UTF-8"?>
<!-- Generated by org.testng.reporters.JUnitReportReporter -->
<testsuite hostname="TGU1DELL0085" failures="0" tests="3" name="com.techigai.testng.ParallelTestingDemo2" time="45.211" errors="0" timestamp="2021-08-27T12:24:25 IST" skipped="0">
  <testcase classname="com.techigai.testng.ParallelTestingDemo2" name="test2" time="15.990"/>
  <system-out/>
  <testcase classname="com.techigai.testng.ParallelTestingDemo2" name="test3" time="15.990"/>
  <system-out/>
  <testcase classname="com.techigai.testng.ParallelTestingDemo2" name="test1" time="13.231"/>
  <system-out/>
</testsuite> <!-- com.techigai.testng.ParallelTestingDemo2 -->
