<?xml version="1.0" encoding="UTF-8"?>
<!-- Generated by org.testng.reporters.JUnitReportReporter -->
<testsuite hostname="TGU1DELL0085" failures="0" tests="1" name="com.techigai.testng.AmazonSite" time="15.494" errors="0" timestamp="2021-09-02T05:39:33 IST" skipped="0">
  <testcase classname="com.techigai.testng.AmazonSite" name="testCase2" time="15.494"/>
  <system-out/>
</testsuite> <!-- com.techigai.testng.AmazonSite -->
