<?xml version="1.0" encoding="UTF-8"?>
<!-- Generated by org.testng.reporters.JUnitReportReporter -->
<testsuite hostname="TGU1DELL0085" failures="0" tests="1" name="com.techigai.testng.ParametersTesting" time="8.916" errors="0" timestamp="2021-08-27T14:01:58 IST" skipped="0">
  <testcase classname="com.techigai.testng.ParametersTesting" name="test1" time="8.916"/>
  <system-out/>
</testsuite> <!-- com.techigai.testng.ParametersTesting -->
